Arguments: 
  /usr/local/bin/node /usr/local/bin/yarn add animate.css

PATH: 
  /Library/Frameworks/Python.framework/Versions/3.10/bin:/opt/homebrew/bin:/opt/homebrew/sbin:/usr/local/bin:/System/Cryptexes/App/usr/bin:/usr/bin:/bin:/usr/sbin:/sbin:/Users/codegorgeous/.yarn/bin:/Users/codegorgeous/Library/pnpm:/Library/Frameworks/Python.framework/Versions/3.10/bin:/opt/homebrew/bin:/opt/homebrew/sbin:/Users/codegorgeous/.cargo/bin

Yarn version: 
  1.22.19

Node version: 
  16.16.0

Platform: 
  darwin arm64

Trace: 
  Error: ENOENT: no such file or directory, copyfile '/Users/codegorgeous/Library/Caches/Yarn/v6/npm-estraverse-4.3.0-398ad3f3c5a24948be7725e83d11a7de28cdbd1d-integrity/node_modules/estraverse/.jshintrc' -> '/Users/codegorgeous/Desktop/CodeGorgeous/Project/Component-Library/node_modules/@typescript-eslint/utils/node_modules/estraverse/.jshintrc'

npm manifest: 
  {
    "name": "@codegorgeous/gorgeous-vue3",
    "version": "0.0.2",
    "description": "",
    "main": "dist/gorgeous-vue3.iife.js",
    "module": "dist/gorgeous-vue3.mjs",
    "types": "dist/entry.d.ts",
    "keywords": [
      "CodeGorgeous",
      "Gorgeous",
      "vue3"
    ],
    "author": "CodeGorgeous",
    "license": "ISC",
    "files": [
      "dist/**/*"
    ],
    "repository": {
      "type": "git",
      "url": "git+https://github.com/CodeGorgeous/Gorgeous-vue3"
    },
    "homepage": "https://gorgeous-vue3.vercel.app",
    "scripts": {
      "dev": "vite --host",
      "build": "vite build",
      "docs:dev": "vitepress dev docs --port 3000",
      "docs:build": "vitepress build docs",
      "docs:server": "vitepress server docs",
      "release": "pnpm build && npm publish --no-git-checks --access public",
      "patch": "npm version patch",
      "minor": "npm version minor",
      "major": "npm version major",
      "lint": "eslint --fix --ext .ts,.vue src",
      "format": "prettier --write \"src/**/*.ts\" \"src/**/*.tsx\"",
      "prepare": "husky install",
      "test": "vitest",
      "test:run": "vitest run",
      "coverage": "vitest run --coverage"
    },
    "devDependencies": {
      "@commitlint/cli": "^17.6.1",
      "@commitlint/config-conventional": "^17.6.1",
      "@iconify-json/ic": "^1.1.13",
      "@types/node": "^18.15.12",
      "@typescript-eslint/eslint-plugin": "^5.59.0",
      "@typescript-eslint/parser": "^5.59.0",
      "@vitejs/plugin-vue": "^4.1.0",
      "@vitejs/plugin-vue-jsx": "^3.0.1",
      "@vitest/coverage-c8": "^0.30.1",
      "@vitest/coverage-istanbul": "^0.30.1",
      "@vue/eslint-config-prettier": "^7.1.0",
      "@vue/test-utils": "^2.3.2",
      "babel-eslint": "^10.1.0",
      "eslint": "^8.39.0",
      "eslint-formatter-pretty": "^5.0.0",
      "eslint-plugin-json": "^3.1.0",
      "eslint-plugin-prettier": "^4.2.1",
      "eslint-plugin-vue": "^9.11.0",
      "happy-dom": "^9.9.2",
      "husky": "^8.0.3",
      "less": "^4.1.3",
      "less-loader": "^11.1.0",
      "prettier": "^2.8.7",
      "terser": "^5.17.1",
      "typescript": "^5.0.4",
      "unocss": "^0.51.5",
      "vite": "^4.2.2",
      "vite-plugin-dts": "^2.3.0",
      "vitepress": "1.0.0-alpha.73",
      "vitest": "^0.30.1"
    },
    "dependencies": {
      "vue": "^3.2.36"
    }
  }

yarn manifest: 
  No manifest

Lockfile: 
  No lockfile
